[2022-08-13 18:46:53,784] INFO [start] - Starting Mifit analysis...
[2022-08-13 18:46:53,784] INFO [standalone] - Start date: 0
[2022-08-13 18:46:53,785] INFO [standalone] - End date: 1660412813
[2022-08-13 18:46:54,025] INFO [standalone] - Analysing C:\Users\josef\Desktop\mifit_dumps\36\databases\stress__182285bca61124c76596064edaf431e8.db database... 
[2022-08-13 18:46:54,025] INFO [standalone] - Parsing Stress Data
[2022-08-13 18:46:54,072] INFO [standalone] - Analysing C:\Users\josef\Desktop\mifit_dumps\36\databases\spo2_182285bca61124c76596064edaf431e8 database... 
[2022-08-13 18:46:54,073] INFO [standalone] - Parsing SPO Data
[2022-08-13 18:46:54,080] INFO [standalone] - Parsing Female Health Data
[2022-08-13 18:46:54,087] INFO [standalone] - Generating report...
[2022-08-13 18:46:54,261] INFO [standalone] - Full HTML report: C:\Users\josef\AppData\Roaming\autopsy\python_modules\Mifit\report\index.html
[2022-08-13 18:46:54,262] INFO [start] - Done
[2022-08-13 18:47:24,366] INFO [start] - Starting Mifit analysis...
[2022-08-13 18:47:24,366] INFO [standalone] - Start date: 0
[2022-08-13 18:47:24,367] INFO [standalone] - End date: 1660412844
[2022-08-13 18:47:24,790] INFO [standalone] - Analysing C:\Users\josef\Desktop\mifit_dumps\17\com.xiaomi.hm.health\databases\stress__182285bca61124c76596064edaf431e8.db database... 
[2022-08-13 18:47:24,791] INFO [standalone] - Parsing Stress Data
[2022-08-13 18:47:24,803] INFO [standalone] - Analysing C:\Users\josef\Desktop\mifit_dumps\17\databases\stress__182285bca61124c76596064edaf431e8.db database... 
[2022-08-13 18:47:24,803] INFO [standalone] - Parsing Stress Data
[2022-08-13 18:47:24,813] INFO [standalone] - Analysing C:\Users\josef\Desktop\mifit_dumps\17\com.xiaomi.hm.health\databases\spo2_182285bca61124c76596064edaf431e8 database... 
[2022-08-13 18:47:24,813] INFO [standalone] - Parsing SPO Data
[2022-08-13 18:47:24,819] INFO [standalone] - Analysing C:\Users\josef\Desktop\mifit_dumps\17\databases\spo2_182285bca61124c76596064edaf431e8 database... 
[2022-08-13 18:47:24,820] INFO [standalone] - Parsing SPO Data
[2022-08-13 18:47:24,828] INFO [standalone] - Parsing Female Health Data
[2022-08-13 18:47:24,835] INFO [standalone] - Parsing Female Health Data
[2022-08-13 18:47:24,843] INFO [standalone] - Parsing Female Health Data
[2022-08-13 18:47:24,850] INFO [standalone] - Parsing Female Health Data
[2022-08-13 18:47:24,857] INFO [standalone] - Analysing C:\Users\josef\Desktop\mifit_dumps\17\com.xiaomi.hm.health\shared_prefs\hm_id_sdk_android.xml file... 
[2022-08-13 18:47:24,865] INFO [standalone] - Analysing C:\Users\josef\Desktop\mifit_dumps\17\shared_prefs\hm_id_sdk_android.xml file... 
[2022-08-13 18:47:24,872] INFO [standalone] - Generating report...
[2022-08-13 18:47:24,925] INFO [standalone] - Full HTML report: C:\Users\josef\AppData\Roaming\autopsy\python_modules\Mifit\report\index.html
[2022-08-13 18:47:24,926] INFO [start] - Done
[2022-08-13 18:48:19,911] INFO [start] - Starting Mifit analysis...
[2022-08-13 18:48:19,911] INFO [standalone] - Start date: 0
[2022-08-13 18:48:19,913] INFO [standalone] - End date: 1660412899
[2022-08-13 18:48:20,233] INFO [standalone] - Analysing C:\Users\josef\Desktop\mifit_dumps\17\com.xiaomi.hm.health\databases\stress__182285bca61124c76596064edaf431e8.db database... 
[2022-08-13 18:48:20,233] INFO [standalone] - Parsing Stress Data
[2022-08-13 18:48:20,236] INFO [standalone] - Analysing C:\Users\josef\Desktop\mifit_dumps\17\databases\stress__182285bca61124c76596064edaf431e8.db database... 
[2022-08-13 18:48:20,237] INFO [standalone] - Parsing Stress Data
[2022-08-13 18:48:20,241] INFO [standalone] - Analysing C:\Users\josef\Desktop\mifit_dumps\17\com.xiaomi.hm.health\databases\spo2_182285bca61124c76596064edaf431e8 database... 
[2022-08-13 18:48:20,242] INFO [standalone] - Parsing SPO Data
[2022-08-13 18:48:20,243] INFO [standalone] - Analysing C:\Users\josef\Desktop\mifit_dumps\17\databases\spo2_182285bca61124c76596064edaf431e8 database... 
[2022-08-13 18:48:20,243] INFO [standalone] - Parsing SPO Data
[2022-08-13 18:48:20,244] INFO [standalone] - Parsing Female Health Data
[2022-08-13 18:48:20,245] INFO [standalone] - Parsing Female Health Data
[2022-08-13 18:48:20,246] INFO [standalone] - Parsing Female Health Data
[2022-08-13 18:48:20,247] INFO [standalone] - Parsing Female Health Data
[2022-08-13 18:48:20,249] INFO [standalone] - Analysing C:\Users\josef\Desktop\mifit_dumps\17\com.xiaomi.hm.health\shared_prefs\hm_id_sdk_android.xml file... 
[2022-08-13 18:48:20,249] INFO [standalone] - Analysing C:\Users\josef\Desktop\mifit_dumps\17\shared_prefs\hm_id_sdk_android.xml file... 
[2022-08-13 18:48:20,250] INFO [standalone] - Generating report...
[2022-08-13 18:48:20,297] INFO [standalone] - Full HTML report: C:\Users\josef\AppData\Roaming\autopsy\python_modules\Mifit\report\index.html
[2022-08-13 18:48:20,297] INFO [start] - Done
[2022-08-15 14:26:17,633] INFO [start] - Starting Mifit analysis...
[2022-08-15 14:26:17,633] INFO [standalone] - Start date: 0
[2022-08-15 14:26:17,634] INFO [standalone] - End date: 1660569977
[2022-08-15 14:26:18,192] INFO [standalone] - Analysing C:\Users\josef\Desktop\mifit_dumps\17\com.xiaomi.hm.health\databases\stress__182285bca61124c76596064edaf431e8.db database... 
[2022-08-15 14:26:18,192] INFO [standalone] - Parsing Stress Data
[2022-08-15 14:26:18,200] INFO [standalone] - Analysing C:\Users\josef\Desktop\mifit_dumps\17\databases\stress__182285bca61124c76596064edaf431e8.db database... 
[2022-08-15 14:26:18,201] INFO [standalone] - Parsing Stress Data
[2022-08-15 14:26:18,210] INFO [standalone] - Analysing C:\Users\josef\Desktop\mifit_dumps\17\com.xiaomi.hm.health\databases\spo2_182285bca61124c76596064edaf431e8 database... 
[2022-08-15 14:26:18,211] INFO [standalone] - Parsing SPO Data
[2022-08-15 14:26:18,214] INFO [standalone] - Analysing C:\Users\josef\Desktop\mifit_dumps\17\databases\spo2_182285bca61124c76596064edaf431e8 database... 
[2022-08-15 14:26:18,215] INFO [standalone] - Parsing SPO Data
[2022-08-15 14:26:18,218] INFO [standalone] - Parsing Female Health Data
[2022-08-15 14:26:18,220] INFO [standalone] - Parsing Female Health Data
[2022-08-15 14:26:18,222] INFO [standalone] - Parsing Female Health Data
[2022-08-15 14:26:18,224] INFO [standalone] - Parsing Female Health Data
[2022-08-15 14:26:18,226] INFO [standalone] - Analysing C:\Users\josef\Desktop\mifit_dumps\17\com.xiaomi.hm.health\shared_prefs\hm_id_sdk_android.xml file... 
[2022-08-15 14:26:18,229] INFO [standalone] - Analysing C:\Users\josef\Desktop\mifit_dumps\17\shared_prefs\hm_id_sdk_android.xml file... 
[2022-08-15 14:26:18,230] INFO [standalone] - Generating report...
[2022-08-15 14:26:18,315] INFO [standalone] - Full HTML report: C:\Users\josef\AppData\Roaming\autopsy\python_modules\Mifit\report\index.html
[2022-08-15 14:26:18,315] INFO [start] - Done
[2022-08-15 14:26:37,560] INFO [start] - Starting Mifit analysis...
[2022-08-15 14:26:37,560] INFO [standalone] - Start date: 0
[2022-08-15 14:26:37,560] INFO [standalone] - End date: 1660569997
[2022-08-15 14:26:37,968] INFO [standalone] - Analysing C:\Users\josef\Desktop\mifit_dumps\17\com.xiaomi.hm.health\databases\stress__182285bca61124c76596064edaf431e8.db database... 
[2022-08-15 14:26:37,969] INFO [standalone] - Parsing Stress Data
[2022-08-15 14:26:37,973] INFO [standalone] - Analysing C:\Users\josef\Desktop\mifit_dumps\17\databases\stress__182285bca61124c76596064edaf431e8.db database... 
[2022-08-15 14:26:37,973] INFO [standalone] - Parsing Stress Data
[2022-08-15 14:26:37,979] INFO [standalone] - Analysing C:\Users\josef\Desktop\mifit_dumps\17\com.xiaomi.hm.health\databases\spo2_182285bca61124c76596064edaf431e8 database... 
[2022-08-15 14:26:37,979] INFO [standalone] - Parsing SPO Data
[2022-08-15 14:26:37,981] INFO [standalone] - Analysing C:\Users\josef\Desktop\mifit_dumps\17\databases\spo2_182285bca61124c76596064edaf431e8 database... 
[2022-08-15 14:26:37,981] INFO [standalone] - Parsing SPO Data
[2022-08-15 14:26:37,984] INFO [standalone] - Parsing Female Health Data
[2022-08-15 14:26:37,985] INFO [standalone] - Parsing Female Health Data
[2022-08-15 14:26:37,987] INFO [standalone] - Parsing Female Health Data
[2022-08-15 14:26:37,989] INFO [standalone] - Parsing Female Health Data
[2022-08-15 14:26:37,990] INFO [standalone] - Analysing C:\Users\josef\Desktop\mifit_dumps\17\com.xiaomi.hm.health\shared_prefs\hm_id_sdk_android.xml file... 
[2022-08-15 14:26:37,992] INFO [standalone] - Analysing C:\Users\josef\Desktop\mifit_dumps\17\shared_prefs\hm_id_sdk_android.xml file... 
[2022-08-15 14:26:37,993] INFO [standalone] - Generating report...
[2022-08-15 14:27:11,366] INFO [start] - Starting Mifit analysis...
[2022-08-15 14:27:11,366] INFO [standalone] - Start date: 0
[2022-08-15 14:27:11,366] INFO [standalone] - End date: 1660570031
[2022-08-15 14:27:11,791] INFO [standalone] - Analysing C:\Users\josef\Desktop\mifit_dumps\17\com.xiaomi.hm.health\databases\stress__182285bca61124c76596064edaf431e8.db database... 
[2022-08-15 14:27:11,791] INFO [standalone] - Parsing Stress Data
[2022-08-15 14:27:11,795] INFO [standalone] - Analysing C:\Users\josef\Desktop\mifit_dumps\17\databases\stress__182285bca61124c76596064edaf431e8.db database... 
[2022-08-15 14:27:11,796] INFO [standalone] - Parsing Stress Data
[2022-08-15 14:27:11,802] INFO [standalone] - Analysing C:\Users\josef\Desktop\mifit_dumps\17\com.xiaomi.hm.health\databases\spo2_182285bca61124c76596064edaf431e8 database... 
[2022-08-15 14:27:11,802] INFO [standalone] - Parsing SPO Data
[2022-08-15 14:27:11,804] INFO [standalone] - Analysing C:\Users\josef\Desktop\mifit_dumps\17\databases\spo2_182285bca61124c76596064edaf431e8 database... 
[2022-08-15 14:27:11,805] INFO [standalone] - Parsing SPO Data
[2022-08-15 14:27:11,807] INFO [standalone] - Parsing Female Health Data
[2022-08-15 14:27:11,809] INFO [standalone] - Parsing Female Health Data
[2022-08-15 14:27:11,810] INFO [standalone] - Parsing Female Health Data
[2022-08-15 14:27:11,812] INFO [standalone] - Parsing Female Health Data
[2022-08-15 14:27:11,813] INFO [standalone] - Analysing C:\Users\josef\Desktop\mifit_dumps\17\com.xiaomi.hm.health\shared_prefs\hm_id_sdk_android.xml file... 
[2022-08-15 14:27:11,814] INFO [standalone] - Analysing C:\Users\josef\Desktop\mifit_dumps\17\shared_prefs\hm_id_sdk_android.xml file... 
[2022-08-15 14:27:11,815] INFO [standalone] - Generating report...
[2022-08-15 14:27:11,879] INFO [standalone] - Full HTML report: C:\Users\josef\AppData\Roaming\autopsy\python_modules\Mifit\report\index.html
[2022-08-15 14:27:11,879] INFO [start] - Done
[2022-08-15 14:27:18,791] INFO [start] - Starting Mifit analysis...
[2022-08-15 14:27:18,791] INFO [standalone] - Start date: 0
[2022-08-15 14:27:18,792] INFO [standalone] - End date: 1660570038
[2022-08-15 14:27:19,267] INFO [standalone] - Analysing C:\Users\josef\Desktop\mifit_dumps\17\com.xiaomi.hm.health\databases\stress__182285bca61124c76596064edaf431e8.db database... 
[2022-08-15 14:27:19,267] INFO [standalone] - Parsing Stress Data
[2022-08-15 14:27:19,273] INFO [standalone] - Analysing C:\Users\josef\Desktop\mifit_dumps\17\databases\stress__182285bca61124c76596064edaf431e8.db database... 
[2022-08-15 14:27:19,273] INFO [standalone] - Parsing Stress Data
[2022-08-15 14:27:19,279] INFO [standalone] - Analysing C:\Users\josef\Desktop\mifit_dumps\17\com.xiaomi.hm.health\databases\spo2_182285bca61124c76596064edaf431e8 database... 
[2022-08-15 14:27:19,280] INFO [standalone] - Parsing SPO Data
[2022-08-15 14:27:19,281] INFO [standalone] - Analysing C:\Users\josef\Desktop\mifit_dumps\17\databases\spo2_182285bca61124c76596064edaf431e8 database... 
[2022-08-15 14:27:19,282] INFO [standalone] - Parsing SPO Data
[2022-08-15 14:27:19,284] INFO [standalone] - Parsing Female Health Data
[2022-08-15 14:27:19,286] INFO [standalone] - Parsing Female Health Data
[2022-08-15 14:27:19,287] INFO [standalone] - Parsing Female Health Data
[2022-08-15 14:27:19,289] INFO [standalone] - Parsing Female Health Data
[2022-08-15 14:27:19,290] INFO [standalone] - Analysing C:\Users\josef\Desktop\mifit_dumps\17\com.xiaomi.hm.health\shared_prefs\hm_id_sdk_android.xml file... 
[2022-08-15 14:27:19,291] INFO [standalone] - Analysing C:\Users\josef\Desktop\mifit_dumps\17\shared_prefs\hm_id_sdk_android.xml file... 
[2022-08-15 14:27:19,292] INFO [standalone] - Generating report...
[2022-08-15 14:27:19,388] INFO [standalone] - Full HTML report: C:\Users\josef\AppData\Roaming\autopsy\python_modules\Mifit\report\index.html
[2022-08-15 14:27:19,388] INFO [start] - Done
[2022-08-16 15:22:04,130] INFO [start] - Starting Mifit analysis...
[2022-08-16 15:22:04,132] INFO [standalone] - Start date: 0
[2022-08-16 15:22:04,132] INFO [standalone] - End date: 1660659724
[2022-08-16 15:22:04,562] INFO [standalone] - Analysing C:\Users\josef\Desktop\mifit_dumps\17\com.xiaomi.hm.health\databases\stress__182285bca61124c76596064edaf431e8.db database... 
[2022-08-16 15:22:04,562] INFO [standalone] - Parsing Stress Data
[2022-08-16 15:22:04,572] INFO [standalone] - Analysing C:\Users\josef\Desktop\mifit_dumps\17\databases\stress__182285bca61124c76596064edaf431e8.db database... 
[2022-08-16 15:22:04,572] INFO [standalone] - Parsing Stress Data
[2022-08-16 15:22:04,581] INFO [standalone] - Analysing C:\Users\josef\Desktop\mifit_dumps\17\com.xiaomi.hm.health\databases\spo2_182285bca61124c76596064edaf431e8 database... 
[2022-08-16 15:22:04,582] INFO [standalone] - Parsing SPO Data
[2022-08-16 15:22:04,584] INFO [standalone] - Analysing C:\Users\josef\Desktop\mifit_dumps\17\databases\spo2_182285bca61124c76596064edaf431e8 database... 
[2022-08-16 15:22:04,584] INFO [standalone] - Parsing SPO Data
[2022-08-16 15:22:04,586] INFO [standalone] - Parsing Female Health Data
[2022-08-16 15:22:04,592] INFO [standalone] - Parsing Female Health Data
[2022-08-16 15:22:04,594] INFO [standalone] - Parsing Female Health Data
[2022-08-16 15:22:04,600] INFO [standalone] - Parsing Female Health Data
[2022-08-16 15:22:04,602] INFO [standalone] - Analysing C:\Users\josef\Desktop\mifit_dumps\17\com.xiaomi.hm.health\shared_prefs\hm_id_sdk_android.xml file... 
[2022-08-16 15:22:04,608] INFO [standalone] - Analysing C:\Users\josef\Desktop\mifit_dumps\17\shared_prefs\hm_id_sdk_android.xml file... 
[2022-08-16 15:22:04,609] INFO [standalone] - Generating report...
[2022-08-16 15:22:04,669] INFO [standalone] - Full HTML report: C:\Users\josef\AppData\Roaming\autopsy\python_modules\Mifit\report\index.html
[2022-08-16 15:22:04,669] INFO [start] - Done
[2022-08-16 15:27:54,037] INFO [start] - Starting Mifit analysis...
[2022-08-16 15:27:54,038] INFO [standalone] - Start date: 0
[2022-08-16 15:27:54,039] INFO [standalone] - End date: 1660660074
[2022-08-16 15:27:54,380] INFO [standalone] - Analysing C:\Users\josef\Desktop\mifit_dumps\17\com.xiaomi.hm.health\databases\stress__182285bca61124c76596064edaf431e8.db database... 
[2022-08-16 15:27:54,380] INFO [standalone] - Parsing Stress Data
[2022-08-16 15:27:54,384] INFO [standalone] - Analysing C:\Users\josef\Desktop\mifit_dumps\17\databases\stress__182285bca61124c76596064edaf431e8.db database... 
[2022-08-16 15:27:54,384] INFO [standalone] - Parsing Stress Data
[2022-08-16 15:27:54,388] INFO [standalone] - Analysing C:\Users\josef\Desktop\mifit_dumps\17\com.xiaomi.hm.health\databases\spo2_182285bca61124c76596064edaf431e8 database... 
[2022-08-16 15:27:54,389] INFO [standalone] - Parsing SPO Data
[2022-08-16 15:27:54,391] INFO [standalone] - Analysing C:\Users\josef\Desktop\mifit_dumps\17\databases\spo2_182285bca61124c76596064edaf431e8 database... 
[2022-08-16 15:27:54,391] INFO [standalone] - Parsing SPO Data
[2022-08-16 15:27:54,393] INFO [standalone] - Parsing Female Health Data
[2022-08-16 15:27:54,395] INFO [standalone] - Parsing Female Health Data
[2022-08-16 15:27:54,395] INFO [standalone] - Parsing Female Health Data
[2022-08-16 15:27:54,398] INFO [standalone] - Parsing Female Health Data
[2022-08-16 15:27:54,399] INFO [standalone] - Analysing C:\Users\josef\Desktop\mifit_dumps\17\com.xiaomi.hm.health\shared_prefs\hm_id_sdk_android.xml file... 
[2022-08-16 15:27:54,400] INFO [standalone] - Analysing C:\Users\josef\Desktop\mifit_dumps\17\shared_prefs\hm_id_sdk_android.xml file... 
[2022-08-16 15:27:54,401] INFO [standalone] - Generating report...
[2022-08-16 15:27:54,453] INFO [standalone] - Full HTML report: C:\Users\josef\AppData\Roaming\autopsy\python_modules\Mifit\report\index.html
[2022-08-16 15:27:54,454] INFO [start] - Done
[2022-09-14 20:40:55,039] INFO [start] - Starting Mifit analysis...
[2022-09-14 20:40:55,039] INFO [ZL_std] - Start date: 0
[2022-09-14 20:40:55,040] INFO [ZL_std] - End date: 1663184455
[2022-09-14 20:40:55,632] INFO [ZL_std] - Analysing C:\Users\josef\Desktop\mifit_dumps\17\com.xiaomi.hm.health\databases\stress__182285bca61124c76596064edaf431e8.db database... 
[2022-09-14 20:40:55,633] INFO [ZL_std] - Parsing Stress Data
[2022-09-14 20:40:55,645] INFO [ZL_std] - Analysing C:\Users\josef\Desktop\mifit_dumps\17\databases\stress__182285bca61124c76596064edaf431e8.db database... 
[2022-09-14 20:40:55,646] INFO [ZL_std] - Parsing Stress Data
[2022-09-14 20:40:55,656] INFO [ZL_std] - Analysing C:\Users\josef\Desktop\mifit_dumps\17\com.xiaomi.hm.health\databases\spo2_182285bca61124c76596064edaf431e8 database... 
[2022-09-14 20:40:55,657] INFO [ZL_std] - Parsing SPO Data
[2022-09-14 20:40:55,665] INFO [ZL_std] - Analysing C:\Users\josef\Desktop\mifit_dumps\17\databases\spo2_182285bca61124c76596064edaf431e8 database... 
[2022-09-14 20:40:55,666] INFO [ZL_std] - Parsing SPO Data
[2022-09-14 20:40:55,673] INFO [ZL_std] - Parsing Female Health Data
[2022-09-14 20:40:55,681] INFO [ZL_std] - Parsing Female Health Data
[2022-09-14 20:40:55,689] INFO [ZL_std] - Parsing Female Health Data
[2022-09-14 20:40:55,697] INFO [ZL_std] - Parsing Female Health Data
[2022-09-14 20:40:55,705] INFO [ZL_std] - Analysing C:\Users\josef\Desktop\mifit_dumps\17\com.xiaomi.hm.health\shared_prefs\hm_id_sdk_android.xml file... 
[2022-09-14 20:40:55,713] INFO [ZL_std] - Analysing C:\Users\josef\Desktop\mifit_dumps\17\shared_prefs\hm_id_sdk_android.xml file... 
[2022-09-14 20:40:55,721] INFO [ZL_std] - Generating report...
[2022-09-14 20:40:55,772] INFO [ZL_std] - Full HTML report: C:\Users\josef\AppData\Roaming\autopsy\python_modules\Mifit\report\index.html
[2022-09-14 20:40:55,772] INFO [start] - Done
[2022-09-14 23:34:15,499] INFO [start] - Starting Mifit analysis...
[2022-09-14 23:34:15,500] INFO [ZL_std] - Start date: 0
[2022-09-14 23:34:15,500] INFO [ZL_std] - End date: 1663194855
[2022-09-14 23:34:15,912] INFO [ZL_std] - Analysing C:\Users\josef\Desktop\mifit_dumps\17\com.xiaomi.hm.health\databases\stress__182285bca61124c76596064edaf431e8.db database... 
[2022-09-14 23:34:15,913] INFO [ZL_std] - Parsing Stress Data
[2022-09-14 23:34:15,917] INFO [ZL_std] - Analysing C:\Users\josef\Desktop\mifit_dumps\17\databases\stress__182285bca61124c76596064edaf431e8.db database... 
[2022-09-14 23:34:15,918] INFO [ZL_std] - Parsing Stress Data
[2022-09-14 23:34:15,923] INFO [ZL_std] - Analysing C:\Users\josef\Desktop\mifit_dumps\17\com.xiaomi.hm.health\databases\spo2_182285bca61124c76596064edaf431e8 database... 
[2022-09-14 23:34:15,923] INFO [ZL_std] - Parsing SPO Data
[2022-09-14 23:34:15,925] INFO [ZL_std] - Analysing C:\Users\josef\Desktop\mifit_dumps\17\databases\spo2_182285bca61124c76596064edaf431e8 database... 
[2022-09-14 23:34:15,926] INFO [ZL_std] - Parsing SPO Data
[2022-09-14 23:34:15,928] INFO [ZL_std] - Parsing Female Health Data
[2022-09-14 23:34:15,930] INFO [ZL_std] - Parsing Female Health Data
[2022-09-14 23:34:15,931] INFO [ZL_std] - Parsing Female Health Data
[2022-09-14 23:34:15,932] INFO [ZL_std] - Parsing Female Health Data
[2022-09-14 23:34:15,934] INFO [ZL_std] - Analysing C:\Users\josef\Desktop\mifit_dumps\17\com.xiaomi.hm.health\shared_prefs\hm_id_sdk_android.xml file... 
[2022-09-14 23:34:15,935] INFO [ZL_std] - Analysing C:\Users\josef\Desktop\mifit_dumps\17\shared_prefs\hm_id_sdk_android.xml file... 
[2022-09-14 23:34:15,936] INFO [ZL_std] - Generating report...
[2022-09-14 23:34:16,069] INFO [ZL_std] - Full HTML report: C:\Users\josef\AppData\Roaming\autopsy\python_modules\Mifit\report\index.html
[2022-09-14 23:34:16,069] INFO [start] - Done
[2022-09-18 22:20:51,998] INFO [start] - Starting Mifit analysis...
[2022-09-18 22:20:51,999] INFO [ZL_std] - Start date: 0
[2022-09-18 22:20:51,999] INFO [ZL_std] - End date: 1663536051
[2022-09-18 22:20:52,514] INFO [ZL_std] - Analysing C:\Users\josef\Desktop\mifit_dumps\17\com.xiaomi.hm.health\databases\stress__182285bca61124c76596064edaf431e8.db database... 
[2022-09-18 22:20:52,514] INFO [ZL_std] - Parsing Stress Data
[2022-09-18 22:20:52,525] INFO [ZL_std] - Analysing C:\Users\josef\Desktop\mifit_dumps\17\databases\stress__182285bca61124c76596064edaf431e8.db database... 
[2022-09-18 22:20:52,526] INFO [ZL_std] - Parsing Stress Data
[2022-09-18 22:20:52,538] INFO [ZL_std] - Analysing C:\Users\josef\Desktop\mifit_dumps\17\com.xiaomi.hm.health\databases\spo2_182285bca61124c76596064edaf431e8 database... 
[2022-09-18 22:20:52,538] INFO [ZL_std] - Parsing SPO Data
[2022-09-18 22:20:52,545] INFO [ZL_std] - Analysing C:\Users\josef\Desktop\mifit_dumps\17\databases\spo2_182285bca61124c76596064edaf431e8 database... 
[2022-09-18 22:20:52,545] INFO [ZL_std] - Parsing SPO Data
[2022-09-18 22:20:52,553] INFO [ZL_std] - Parsing Female Health Data
[2022-09-18 22:20:52,561] INFO [ZL_std] - Parsing Female Health Data
[2022-09-18 22:20:52,564] INFO [ZL_std] - Parsing Female Health Data
[2022-09-18 22:20:52,572] INFO [ZL_std] - Parsing Female Health Data
[2022-09-18 22:20:52,580] INFO [ZL_std] - Analysing C:\Users\josef\Desktop\mifit_dumps\17\com.xiaomi.hm.health\shared_prefs\hm_id_sdk_android.xml file... 
[2022-09-18 22:20:52,588] INFO [ZL_std] - Analysing C:\Users\josef\Desktop\mifit_dumps\17\shared_prefs\hm_id_sdk_android.xml file... 
[2022-09-18 22:20:52,594] INFO [ZL_std] - Generating report...
[2022-09-18 22:20:52,646] INFO [ZL_std] - Full HTML report: C:\Users\josef\AppData\Roaming\autopsy\python_modules\Mifit\report\index.html
[2022-09-18 22:20:52,646] INFO [start] - Done
[2022-09-18 23:09:42,241] INFO [start] - Starting Mifit analysis...
[2022-09-18 23:09:42,242] INFO [ZL_std] - Start date: 0
[2022-09-18 23:09:42,242] INFO [ZL_std] - End date: 1663538982
[2022-09-18 23:09:42,659] INFO [ZL_std] - Analysing C:\Users\josef\Desktop\17\com.xiaomi.hm.health\databases\stress__182285bca61124c76596064edaf431e8.db database... 
[2022-09-18 23:09:42,659] INFO [ZL_std] - Parsing Stress Data
[2022-09-18 23:09:42,663] INFO [ZL_std] - Analysing C:\Users\josef\Desktop\17\databases\stress__182285bca61124c76596064edaf431e8.db database... 
[2022-09-18 23:09:42,663] INFO [ZL_std] - Parsing Stress Data
[2022-09-18 23:09:42,675] INFO [ZL_std] - Analysing C:\Users\josef\Desktop\17\com.xiaomi.hm.health\databases\spo2_182285bca61124c76596064edaf431e8 database... 
[2022-09-18 23:09:42,675] INFO [ZL_std] - Parsing SPO Data
[2022-09-18 23:09:42,677] INFO [ZL_std] - Analysing C:\Users\josef\Desktop\17\databases\spo2_182285bca61124c76596064edaf431e8 database... 
[2022-09-18 23:09:42,677] INFO [ZL_std] - Parsing SPO Data
[2022-09-18 23:09:42,683] INFO [ZL_std] - Parsing Female Health Data
[2022-09-18 23:09:42,686] INFO [ZL_std] - Parsing Female Health Data
[2022-09-18 23:09:42,692] INFO [ZL_std] - Analysing C:\Users\josef\Desktop\17\com.xiaomi.hm.health\shared_prefs\hm_id_sdk_android.xml file... 
[2022-09-18 23:09:42,693] INFO [ZL_std] - Analysing C:\Users\josef\Desktop\17\shared_prefs\hm_id_sdk_android.xml file... 
[2022-09-18 23:09:42,700] INFO [ZL_std] - Generating report...
[2022-09-18 23:09:42,750] INFO [ZL_std] - Full HTML report: C:\Users\josef\AppData\Roaming\autopsy\python_modules\Mifit\report\index.html
[2022-09-18 23:09:42,750] INFO [start] - Done
